BRENT, it's your turn
Score for ALBERT: 0
Score for BRENT: 0
    0   1   2   3   4   5   6   7   8   9   10  11  12  13  14  15
-------------------------------------------------------------------
A |   |   |   |   |   |   |   |   |   |   |   |   |   |   |   |   |
B |   |   |   |   |   |   |   |   |   |   |   |   |   |   |   |   |
C |   |   |   |   |   |   |   |   |   |   |   |   |   |   |   |   |
D |   |   |   |   |   |   |   |   |   |   |   |   |   |   |   |   |
E |   |   |   |   |   |   |   |   |   |   |   |   |   |   |   |   |
F |   |   |   |   |   |   |   |   |   |   |   |   |   |   |   |   |
G |   |   |   |   |   |   |   |   |   |   |   |   |   |   |   |   |
H |   |   |   |   |   |   |   |   |   |   |   |   |   |   |   |   |
I |   |   |   |   |   |   |   |   |   |   |   |   |   |   |   |   |
J |   |   |   |   |   |   |   |   |   |   |   |   |   |   |   |   |
K |   |   |   |   |   |   |   |   |   |   |   |   |   |   |   |   |
L |   |   |   |   |   |   |   |   |   |   |   |   |   |   |   |   |
M |   |   |   |   |   |   |   |   |   |   |   |   |   |   |   |   |
N |   |   |   |   |   |   |   |   |   |   |   |   |   |   |   |   |
O |   |   |   |   |   |   |   |   |   |   |   |   |   |   |   |   |

Your hand is
M-3, G-2, E-1, R-1, U-1, S-1, A-1

> 