Cannot place a tile on an occupied location
    0   1   2   3   4   5   6   7   8   9   10  11  12  13  14  15
-------------------------------------------------------------------
A |   |   |   |   |   |   |   |   |   |   |   |   |   |   |   |   |
B |   |   |   |   |   |   |   |   |   |   |   |   |   |   |   |   |
C |   |   |   |   |   |   |   |   |   |   |   |   |   |   |   |   |
D |   |   |   |   |   |   |   |   |   |   |   |   |   |   |   |   |
E |   |   |   |   |   |   |   |   |   |   |   |   |   |   |   |   |
F |   |   |   |   |   |   |   |   |   |   |   |   |   |   |   |   |
G |   |   |   |   |   |   |   |   |   |   |   |   |   |   |   |   |
H |   |   |   |   |   |   |   |   |   |   |   |   |   |   |   |   |
I |   |   |   |   |   |   |   |   |   |   |   |   |   |   |   |   |
J |   |   |   |   |   |   |   |   |   |   |   |   |   |   |   |   |
K |   |   |   |   |   |   |   |   |   |   |   |   |   |   |   |   |
L |   |   |   |   |   |   |   |   |   |   |   |   |   |   |   |   |
M |   |   |   |   |   |   |   |   |   |   |   |   |   |   |   |   |
N |   |   |   |   |   |   |   |   |   |   |   |   |   |   |   |   |
O |   |   |   |   |   |   |   |   |   |   |   |   |   |   |   |   |

Your hand is
N-1, I-1, D-2, T-1, N-1, A-1, P-3

> 